<?xml version="1.0" encoding="utf-8"?>
<coverage line-rate="0.7875" branch-rate="0.7129000000000001" version="1.9" timestamp="1768136941" lines-covered="897" lines-valid="1139" branches-covered="380" branches-valid="533">
  <sources>
    <source>c:\Users\Hostilian\The-Desktop-Terrarium\Terrarium.Logic\</source>
  </sources>
  <packages>
    <package name="Terrarium.Logic" line-rate="0.7875" branch-rate="0.7129000000000001" complexity="706">
      <classes>
        <class name="Terrarium.Logic.Simulation.CollisionDetector" filename="Simulation\CollisionDetector.cs" line-rate="0.9012" branch-rate="0.8269" complexity="54">
          <methods>
            <method name="AreColliding" signature="(Terrarium.Logic.Entities.WorldEntity,Terrarium.Logic.Entities.WorldEntity)" line-rate="1" branch-rate="1" complexity="1">
              <lines>
                <line number="31" hits="3" branch="False" />
                <line number="32" hits="3" branch="False" />
                <line number="33" hits="3" branch="False" />
                <line number="35" hits="3" branch="False" />
              </lines>
            </method>
            <method name="GetCollisionRadius" signature="(Terrarium.Logic.Entities.WorldEntity)" line-rate="0.6666" branch-rate="0.5" complexity="4">
              <lines>
                <line number="43" hits="6" branch="True" condition-coverage="50% (2/4)">
                  <conditions>
                    <condition number="8" type="jump" coverage="50%" />
                    <condition number="16" type="jump" coverage="50%" />
                  </conditions>
                </line>
                <line number="44" hits="6" branch="False" />
                <line number="45" hits="0" branch="False" />
                <line number="46" hits="6" branch="False" />
                <line number="47" hits="0" branch="False" />
                <line number="48" hits="6" branch="False" />
              </lines>
            </method>
            <method name="FindNearbyEntities" signature="(Terrarium.Logic.Entities.WorldEntity,System.Collections.Generic.IEnumerable`1&lt;T&gt;,System.Double)" line-rate="1" branch-rate="1" complexity="6">
              <lines>
                <line number="57" hits="1" branch="False" />
                <line number="59" hits="8" branch="True" condition-coverage="100% (2/2)">
                  <conditions>
                    <condition number="69" type="jump" coverage="100%" />
                  </conditions>
                </line>
                <line number="61" hits="3" branch="True" condition-coverage="100% (2/2)">
                  <conditions>
                    <condition number="39" type="jump" coverage="100%" />
                  </conditions>
                </line>
                <line number="64" hits="3" branch="False" />
                <line number="65" hits="3" branch="True" condition-coverage="100% (2/2)">
                  <conditions>
                    <condition number="54" type="jump" coverage="100%" />
                  </conditions>
                </line>
                <line number="67" hits="2" branch="False" />
                <line number="71" hits="1" branch="False" />
              </lines>
            </method>
            <method name="ResolveCreatureCollision" signature="(Terrarium.Logic.Entities.Creature,Terrarium.Logic.Entities.Creature)" line-rate="1" branch-rate="1" complexity="4">
              <lines>
                <line number="79" hits="2" branch="False" />
                <line number="80" hits="2" branch="False" />
                <line number="81" hits="2" branch="False" />
                <line number="84" hits="2" branch="True" condition-coverage="100% (2/2)">
                  <conditions>
                    <condition number="51" type="jump" coverage="100%" />
                  </conditions>
                </line>
                <line number="87" hits="2" branch="True" condition-coverage="100% (2/2)">
                  <conditions>
                    <condition number="66" type="jump" coverage="100%" />
                  </conditions>
                </line>
                <line number="89" hits="1" branch="False" />
                <line number="90" hits="1" branch="False" />
                <line number="91" hits="1" branch="False" />
                <line number="95" hits="2" branch="False" />
                <line number="96" hits="2" branch="False" />
                <line number="98" hits="2" branch="False" />
                <line number="99" hits="2" branch="False" />
                <line number="100" hits="2" branch="False" />
                <line number="101" hits="2" branch="False" />
                <line number="103" hits="2" branch="False" />
              </lines>
            </method>
            <method name="ResolveCreatureCollisions" signature="(System.Collections.Generic.IReadOnlyList`1&lt;Terrarium.Logic.Entities.Creature&gt;)" line-rate="0.92" branch-rate="0.875" complexity="16">
              <lines>
                <line number="110" hits="16" branch="True" condition-coverage="50% (1/2)">
                  <conditions>
                    <condition number="1" type="jump" coverage="50%" />
                  </conditions>
                </line>
                <line number="111" hits="0" branch="False" />
                <line number="113" hits="16" branch="True" condition-coverage="100% (2/2)">
                  <conditions>
                    <condition number="21" type="jump" coverage="100%" />
                  </conditions>
                </line>
                <line number="114" hits="10" branch="False" />
                <line number="116" hits="6" branch="False" />
                <line number="117" hits="6" branch="True" condition-coverage="50% (1/2)">
                  <conditions>
                    <condition number="44" type="jump" coverage="50%" />
                  </conditions>
                </line>
                <line number="118" hits="0" branch="False" />
                <line number="120" hits="6" branch="False" />
                <line number="122" hits="46" branch="True" condition-coverage="100% (2/2)">
                  <conditions>
                    <condition number="140" type="jump" coverage="100%" />
                  </conditions>
                </line>
                <line number="124" hits="17" branch="True" condition-coverage="100% (2/2)">
                  <conditions>
                    <condition number="75" type="jump" coverage="100%" />
                  </conditions>
                </line>
                <line number="127" hits="17" branch="False" />
                <line number="128" hits="17" branch="True" condition-coverage="100% (2/2)">
                  <conditions>
                    <condition number="107" type="jump" coverage="100%" />
                  </conditions>
                </line>
                <line number="130" hits="17" branch="False" />
                <line number="131" hits="17" branch="False" />
                <line number="134" hits="17" branch="False" />
                <line number="138" hits="46" branch="True" condition-coverage="100% (2/2)">
                  <conditions>
                    <condition number="193" type="jump" coverage="100%" />
                  </conditions>
                </line>
                <line number="140" hits="17" branch="False" />
                <line number="144" hits="46" branch="True" condition-coverage="100% (2/2)">
                  <conditions>
                    <condition number="327" type="jump" coverage="100%" />
                  </conditions>
                </line>
                <line number="146" hits="17" branch="False" />
                <line number="147" hits="17" branch="False" />
                <line number="149" hits="17" branch="False" />
                <line number="150" hits="17" branch="False" />
                <line number="151" hits="17" branch="False" />
                <line number="152" hits="17" branch="False" />
                <line number="154" hits="6" branch="False" />
              </lines>
            </method>
            <method name="GetCellKey" signature="(System.Double,System.Double,System.Double)" line-rate="1" branch-rate="1" complexity="1">
              <lines>
                <line number="158" hits="17" branch="False" />
                <line number="159" hits="17" branch="False" />
                <line number="160" hits="17" branch="False" />
              </lines>
            </method>
            <method name="ResolvePairsInSameCell" signature="(System.Collections.Generic.List`1&lt;Terrarium.Logic.Entities.Creature&gt;)" line-rate="0.5555" branch-rate="0.5" complexity="10">
              <lines>
                <line number="165" hits="68" branch="True" condition-coverage="100% (2/2)">
                  <conditions>
                    <condition number="84" type="jump" coverage="100%" />
                  </conditions>
                </line>
                <line number="167" hits="17" branch="False" />
                <line number="168" hits="17" branch="True" condition-coverage="100% (2/2)">
                  <conditions>
                    <condition number="18" type="jump" coverage="100%" />
                  </conditions>
                </line>
                <line number="171" hits="34" branch="True" condition-coverage="50% (1/2)">
                  <conditions>
                    <condition number="71" type="jump" coverage="50%" />
                  </conditions>
                </line>
                <line number="173" hits="0" branch="False" />
                <line number="174" hits="0" branch="True" condition-coverage="0% (0/2)">
                  <conditions>
                    <condition number="40" type="jump" coverage="0%" />
                  </conditions>
                </line>
                <line number="177" hits="0" branch="True" condition-coverage="0% (0/2)">
                  <conditions>
                    <condition number="50" type="jump" coverage="0%" />
                  </conditions>
                </line>
                <line number="179" hits="0" branch="False" />
                <line number="183" hits="17" branch="False" />
              </lines>
            </method>
            <method name="CheckNeighborCell" signature="(System.ValueTuple`2&lt;System.Int32,System.Int32&gt;,System.ValueTuple`2&lt;System.Int32,System.Int32&gt;,System.Collections.Generic.List`1&lt;Terrarium.Logic.Entities.Creature&gt;,System.Collections.Generic.Dictionary`2&lt;System.ValueTuple`2&lt;System.Int32,System.Int32&gt;,System.Collections.Generic.List`1&lt;Terrarium.Logic.Entities.Creature&gt;&gt;)" line-rate="1" branch-rate="1" complexity="12">
              <lines>
                <line number="191" hits="68" branch="False" />
                <line number="192" hits="68" branch="True" condition-coverage="100% (2/2)">
                  <conditions>
                    <condition number="43" type="jump" coverage="100%" />
                  </conditions>
                </line>
                <line number="193" hits="67" branch="False" />
                <line number="195" hits="4" branch="True" condition-coverage="100% (2/2)">
                  <conditions>
                    <condition number="137" type="jump" coverage="100%" />
                  </conditions>
                </line>
                <line number="197" hits="1" branch="False" />
                <line number="198" hits="1" branch="True" condition-coverage="100% (2/2)">
                  <conditions>
                    <condition number="64" type="jump" coverage="100%" />
                  </conditions>
                </line>
                <line number="201" hits="4" branch="True" condition-coverage="100% (2/2)">
                  <conditions>
                    <condition number="124" type="jump" coverage="100%" />
                  </conditions>
                </line>
                <line number="203" hits="1" branch="False" />
                <line number="204" hits="1" branch="True" condition-coverage="100% (2/2)">
                  <conditions>
                    <condition number="88" type="jump" coverage="100%" />
                  </conditions>
                </line>
                <line number="207" hits="1" branch="True" condition-coverage="100% (2/2)">
                  <conditions>
                    <condition number="99" type="jump" coverage="100%" />
                  </conditions>
                </line>
                <line number="209" hits="1" branch="False" />
                <line number="213" hits="1" branch="False" />
              </lines>
            </method>
          </methods>
          <lines>
            <line number="31" hits="3" branch="False" />
            <line number="32" hits="3" branch="False" />
            <line number="33" hits="3" branch="False" />
            <line number="35" hits="3" branch="False" />
            <line number="43" hits="6" branch="True" condition-coverage="50% (2/4)">
              <conditions>
                <condition number="8" type="jump" coverage="50%" />
                <condition number="16" type="jump" coverage="50%" />
              </conditions>
            </line>
            <line number="44" hits="6" branch="False" />
            <line number="45" hits="0" branch="False" />
            <line number="46" hits="6" branch="False" />
            <line number="47" hits="0" branch="False" />
            <line number="48" hits="6" branch="False" />
            <line number="57" hits="1" branch="False" />
            <line number="59" hits="8" branch="True" condition-coverage="100% (2/2)">
              <conditions>
                <condition number="69" type="jump" coverage="100%" />
              </conditions>
            </line>
            <line number="61" hits="3" branch="True" condition-coverage="100% (2/2)">
              <conditions>
                <condition number="39" type="jump" coverage="100%" />
              </conditions>
            </line>
            <line number="64" hits="3" branch="False" />
            <line number="65" hits="3" branch="True" condition-coverage="100% (2/2)">
              <conditions>
                <condition number="54" type="jump" coverage="100%" />
              </conditions>
            </line>
            <line number="67" hits="2" branch="False" />
            <line number="71" hits="1" branch="False" />
            <line number="79" hits="2" branch="False" />
            <line number="80" hits="2" branch="False" />
            <line number="81" hits="2" branch="False" />
            <line number="84" hits="2" branch="True" condition-coverage="100% (2/2)">
              <conditions>
                <condition number="51" type="jump" coverage="100%" />
              </conditions>
            </line>
            <line number="87" hits="2" branch="True" condition-coverage="100% (2/2)">
              <conditions>
                <condition number="66" type="jump" coverage="100%" />
              </conditions>
            </line>
            <line number="89" hits="1" branch="False" />
            <line number="90" hits="1" branch="False" />
            <line number="91" hits="1" branch="False" />
            <line number="95" hits="2" branch="False" />
            <line number="96" hits="2" branch="False" />
            <line number="98" hits="2" branch="False" />
            <line number="99" hits="2" branch="False" />
            <line number="100" hits="2" branch="False" />
            <line number="101" hits="2" branch="False" />
            <line number="103" hits="2" branch="False" />
            <line number="110" hits="16" branch="True" condition-coverage="50% (1/2)">
              <conditions>
                <condition number="1" type="jump" coverage="50%" />
              </conditions>
            </line>
            <line number="111" hits="0" branch="False" />
            <line number="113" hits="16" branch="True" condition-coverage="100% (2/2)">
              <conditions>
                <condition number="21" type="jump" coverage="100%" />
              </conditions>
            </line>
            <line number="114" hits="10" branch="False" />
            <line number="116" hits="6" branch="False" />
            <line number="117" hits="6" branch="True" condition-coverage="50% (1/2)">
              <conditions>
                <condition number="44" type="jump" coverage="50%" />
              </conditions>
            </line>
            <line number="118" hits="0" branch="False" />
            <line number="120" hits="6" branch="False" />
            <line number="122" hits="46" branch="True" condition-coverage="100% (2/2)">
              <conditions>
                <condition number="140" type="jump" coverage="100%" />
              </conditions>
            </line>
            <line number="124" hits="17" branch="True" condition-coverage="100% (2/2)">
              <conditions>
                <condition number="75" type="jump" coverage="100%" />
              </conditions>
            </line>
            <line number="127" hits="17" branch="False" />
            <line number="128" hits="17" branch="True" condition-coverage="100% (2/2)">
              <conditions>
                <condition number="107" type="jump" coverage="100%" />
              </conditions>
            </line>
            <line number="130" hits="17" branch="False" />
            <line number="131" hits="17" branch="False" />
            <line number="134" hits="17" branch="False" />
            <line number="138" hits="46" branch="True" condition-coverage="100% (2/2)">
              <conditions>
                <condition number="193" type="jump" coverage="100%" />
              </conditions>
            </line>
            <line number="140" hits="17" branch="False" />
            <line number="144" hits="46" branch="True" condition-coverage="100% (2/2)">
              <conditions>
                <condition number="327" type="jump" coverage="100%" />
              </conditions>
            </line>
            <line number="146" hits="17" branch="False" />
            <line number="147" hits="17" branch="False" />
            <line number="149" hits="17" branch="False" />
            <line number="150" hits="17" branch="False" />
            <line number="151" hits="17" branch="False" />
            <line number="152" hits="17" branch="False" />
            <line number="154" hits="6" branch="False" />
            <line number="158" hits="17" branch="False" />
            <line number="159" hits="17" branch="False" />
            <line number="160" hits="17" branch="False" />
            <line number="165" hits="68" branch="True" condition-coverage="100% (2/2)">
              <conditions>
                <condition number="84" type="jump" coverage="100%" />
              </conditions>
            </line>
            <line number="167" hits="17" branch="False" />
            <line number="168" hits="17" branch="True" condition-coverage="100% (2/2)">
              <conditions>
                <condition number="18" type="jump" coverage="100%" />
              </conditions>
            </line>
            <line number="171" hits="34" branch="True" condition-coverage="50% (1/2)">
              <conditions>
                <condition number="71" type="jump" coverage="50%" />
              </conditions>
            </line>
            <line number="173" hits="0" branch="False" />
            <line number="174" hits="0" branch="True" condition-coverage="0% (0/2)">
              <conditions>
                <condition number="40" type="jump" coverage="0%" />
              </conditions>
            </line>
            <line number="177" hits="0" branch="True" condition-coverage="0% (0/2)">
              <conditions>
                <condition number="50" type="jump" coverage="0%" />
              </conditions>
            </line>
            <line number="179" hits="0" branch="False" />
            <line number="183" hits="17" branch="False" />
            <line number="191" hits="68" branch="False" />
            <line number="192" hits="68" branch="True" condition-coverage="100% (2/2)">
              <conditions>
                <condition number="43" type="jump" coverage="100%" />
              </conditions>
            </line>
            <line number="193" hits="67" branch="False" />
            <line number="195" hits="4" branch="True" condition-coverage="100% (2/2)">
              <conditions>
                <condition number="137" type="jump" coverage="100%" />
              </conditions>
            </line>
            <line number="197" hits="1" branch="False" />
            <line number="198" hits="1" branch="True" condition-coverage="100% (2/2)">
              <conditions>
                <condition number="64" type="jump" coverage="100%" />
              </conditions>
            </line>
            <line number="201" hits="4" branch="True" condition-coverage="100% (2/2)">
              <conditions>
                <condition number="124" type="jump" coverage="100%" />
              </conditions>
            </line>
            <line number="203" hits="1" branch="False" />
            <line number="204" hits="1" branch="True" condition-coverage="100% (2/2)">
              <conditions>
                <condition number="88" type="jump" coverage="100%" />
              </conditions>
            </line>
            <line number="207" hits="1" branch="True" condition-coverage="100% (2/2)">
              <conditions>
                <condition number="99" type="jump" coverage="100%" />
              </conditions>
            </line>
            <line number="209" hits="1" branch="False" />
            <line number="213" hits="1" branch="False" />
          </lines>
        </class>
        <class name="Terrarium.Logic.Simulation.DayNightCycle" filename="Simulation\DayNightCycle.cs" line-rate="0.78" branch-rate="0.6" complexity="31">
          <methods>
            <method name="get_CurrentTime" signature="()" line-rate="1" branch-rate="1" complexity="1">
              <lines>
                <line number="31" hits="3" branch="False" />
              </lines>
            </method>
            <method name="get_CurrentPhase" signature="()" line-rate="0.8571" branch-rate="0.8332999999999999" complexity="6">
              <lines>
                <line number="40" hits="64" branch="True" condition-coverage="100% (2/2)">
                  <conditions>
                    <condition number="15" type="jump" coverage="100%" />
                  </conditions>
                </line>
                <line number="41" hits="54" branch="False" />
                <line number="42" hits="10" branch="True" condition-coverage="100% (2/2)">
                  <conditions>
                    <condition number="34" type="jump" coverage="100%" />
                  </conditions>
                </line>
                <line number="43" hits="5" branch="False" />
                <line number="44" hits="5" branch="True" condition-coverage="50% (1/2)">
                  <conditions>
                    <condition number="53" type="jump" coverage="50%" />
                  </conditions>
                </line>
                <line number="45" hits="0" branch="False" />
                <line number="46" hits="5" branch="False" />
              </lines>
            </method>
            <method name="get_IsDay" signature="()" line-rate="1" branch-rate="1" complexity="1">
              <lines>
                <line number="53" hits="2" branch="False" />
              </lines>
            </method>
            <method name="get_IsNight" signature="()" line-rate="1" branch-rate="1" complexity="1">
              <lines>
                <line number="58" hits="17" branch="False" />
              </lines>
            </method>
            <method name="get_LightLevel" signature="()" line-rate="0.625" branch-rate="0.4" complexity="5">
              <lines>
                <line number="67" hits="2" branch="True" condition-coverage="40% (2/5)">
                  <conditions>
                    <condition number="8" type="switch" coverage="40%" />
                  </conditions>
                </line>
                <line number="68" hits="2" branch="False" />
                <line number="69" hits="0" branch="False" />
                <line number="70" hits="1" branch="False" />
                <line number="71" hits="0" branch="False" />
                <line number="72" hits="1" branch="False" />
                <line number="73" hits="0" branch="False" />
                <line number="74" hits="2" branch="False" />
              </lines>
            </method>
            <method name="get_SpeedMultiplier" signature="()" line-rate="0.625" branch-rate="0.4" complexity="5">
              <lines>
                <line number="85" hits="2" branch="True" condition-coverage="40% (2/5)">
                  <conditions>
                    <condition number="8" type="switch" coverage="40%" />
                  </conditions>
                </line>
                <line number="86" hits="2" branch="False" />
                <line number="87" hits="0" branch="False" />
                <line number="88" hits="1" branch="False" />
                <line number="89" hits="0" branch="False" />
                <line number="90" hits="1" branch="False" />
                <line number="91" hits="0" branch="False" />
                <line number="92" hits="2" branch="False" />
              </lines>
            </method>
            <method name="get_HungerRateMultiplier" signature="()" line-rate="1" branch-rate="1" complexity="2">
              <lines>
                <line number="103" hits="2" branch="True" condition-coverage="100% (2/2)">
                  <conditions>
                    <condition number="7" type="jump" coverage="100%" />
                  </conditions>
                </line>
                <line number="104" hits="2" branch="False" />
                <line number="105" hits="1" branch="False" />
                <line number="106" hits="1" branch="False" />
                <line number="107" hits="2" branch="False" />
              </lines>
            </method>
            <method name="get_NormalizedTime" signature="()" line-rate="0" branch-rate="1" complexity="1">
              <lines>
                <line number="114" hits="0" branch="False" />
              </lines>
            </method>
            <method name="Update" signature="(System.Double)" line-rate="1" branch-rate="1" complexity="2">
              <lines>
                <line number="127" hits="19" branch="False" />
                <line number="130" hits="19" branch="True" condition-coverage="100% (2/2)">
                  <conditions>
                    <condition number="29" type="jump" coverage="100%" />
                  </conditions>
                </line>
                <line number="132" hits="1" branch="False" />
                <line number="134" hits="19" branch="False" />
              </lines>
            </method>
            <method name="SetTime" signature="(System.Double)" line-rate="1" branch-rate="1" complexity="1">
              <lines>
                <line number="141" hits="1" branch="False" />
                <line number="142" hits="1" branch="False" />
              </lines>
            </method>
            <method name="SetPhase" signature="(Terrarium.Logic.Simulation.DayPhase)" line-rate="0.6666" branch-rate="0.4" complexity="5">
              <lines>
                <line number="149" hits="6" branch="True" condition-coverage="40% (2/5)">
                  <conditions>
                    <condition number="1" type="switch" coverage="40%" />
                  </conditions>
                </line>
                <line number="150" hits="6" branch="False" />
                <line number="151" hits="0" branch="False" />
                <line number="152" hits="3" branch="False" />
                <line number="153" hits="0" branch="False" />
                <line number="154" hits="3" branch="False" />
                <line number="155" hits="0" branch="False" />
                <line number="156" hits="6" branch="False" />
                <line number="157" hits="6" branch="False" />
              </lines>
            </method>
            <method name=".ctor" signature="()" line-rate="1" branch-rate="1" complexity="1">
              <lines>
                <line number="116" hits="18" branch="False" />
                <line number="119" hits="18" branch="False" />
                <line number="120" hits="18" branch="False" />
              </lines>
            </method>
          </methods>
          <lines>
            <line number="31" hits="3" branch="False" />
            <line number="40" hits="64" branch="True" condition-coverage="100% (2/2)">
              <conditions>
                <condition number="15" type="jump" coverage="100%" />
              </conditions>
            </line>
            <line number="41" hits="54" branch="False" />
            <line number="42" hits="10" branch="True" condition-coverage="100% (2/2)">
              <conditions>
                <condition number="34" type="jump" coverage="100%" />
              </conditions>
            </line>
            <line number="43" hits="5" branch="False" />
            <line number="44" hits="5" branch="True" condition-coverage="50% (1/2)">
              <conditions>
                <condition number="53" type="jump" coverage="50%" />
              </conditions>
            </line>
            <line number="45" hits="0" branch="False" />
            <line number="46" hits="5" branch="False" />
            <line number="53" hits="2" branch="False" />
            <line number="58" hits="17" branch="False" />
            <line number="67" hits="2" branch="True" condition-coverage="40% (2/5)">
              <conditions>
                <condition number="8" type="switch" coverage="40%" />
              </conditions>
            </line>
            <line number="68" hits="2" branch="False" />
            <line number="69" hits="0" branch="False" />
            <line number="70" hits="1" branch="False" />
            <line number="71" hits="0" branch="False" />
            <line number="72" hits="1" branch="False" />
            <line number="73" hits="0" branch="False" />
            <line number="74" hits="2" branch="False" />
            <line number="85" hits="2" branch="True" condition-coverage="40% (2/5)">
              <conditions>
                <condition number="8" type="switch" coverage="40%" />
              </conditions>
            </line>
            <line number="86" hits="2" branch="False" />
            <line number="87" hits="0" branch="False" />
            <line number="88" hits="1" branch="False" />
            <line number="89" hits="0" branch="False" />
            <line number="90" hits="1" branch="False" />
            <line number="91" hits="0" branch="False" />
            <line number="92" hits="2" branch="False" />
            <line number="103" hits="2" branch="True" condition-coverage="100% (2/2)">
              <conditions>
                <condition number="7" type="jump" coverage="100%" />
              </conditions>
            </line>
            <line number="104" hits="2" branch="False" />
            <line number="105" hits="1" branch="False" />
            <line number="106" hits="1" branch="False" />
            <line number="107" hits="2" branch="False" />
            <line number="114" hits="0" branch="False" />
            <line number="127" hits="19" branch="False" />
            <line number="130" hits="19" branch="True" condition-coverage="100% (2/2)">
              <conditions>
                <condition number="29" type="jump" coverage="100%" />
              </conditions>
            </line>
            <line number="132" hits="1" branch="False" />
            <line number="134" hits="19" branch="False" />
            <line number="141" hits="1" branch="False" />
            <line number="142" hits="1" branch="False" />
            <line number="149" hits="6" branch="True" condition-coverage="40% (2/5)">
              <conditions>
                <condition number="1" type="switch" coverage="40%" />
              </conditions>
            </line>
            <line number="150" hits="6" branch="False" />
            <line number="151" hits="0" branch="False" />
            <line number="152" hits="3" branch="False" />
            <line number="153" hits="0" branch="False" />
            <line number="154" hits="3" branch="False" />
            <line number="155" hits="0" branch="False" />
            <line number="156" hits="6" branch="False" />
            <line number="157" hits="6" branch="False" />
            <line number="116" hits="18" branch="False" />
            <line number="119" hits="18" branch="False" />
            <line number="120" hits="18" branch="False" />
          </lines>
        </class>
        <class name="Terrarium.Logic.Simulation.DiseaseManager" filename="Simulation\DiseaseManager.cs" line-rate="0.6740999999999999" branch-rate="0.5757" complexity="74">
          <methods>
            <method name="get_SeedInfectionChancePerSecond" signature="()" line-rate="1" branch-rate="1" complexity="1">
              <lines>
                <line number="16" hits="15" branch="False" />
              </lines>
            </method>
            <method name="get_SpreadChancePerSecond" signature="()" line-rate="1" branch-rate="1" complexity="1">
              <lines>
                <line number="17" hits="9" branch="False" />
              </lines>
            </method>
            <method name="get_SpreadRadius" signature="()" line-rate="1" branch-rate="1" complexity="1">
              <lines>
                <line number="18" hits="8" branch="False" />
              </lines>
            </method>
            <method name="get_InfectionDurationSeconds" signature="()" line-rate="1" branch-rate="1" complexity="1">
              <lines>
                <line number="19" hits="9" branch="False" />
              </lines>
            </method>
            <method name="get_HungerIncreasePerSecond" signature="()" line-rate="1" branch-rate="1" complexity="1">
              <lines>
                <line number="21" hits="9" branch="False" />
              </lines>
            </method>
            <method name="get_DamagePerSecond" signature="()" line-rate="1" branch-rate="1" complexity="1">
              <lines>
                <line number="22" hits="9" branch="False" />
              </lines>
            </method>
            <method name="get_InfectedCount" signature="()" line-rate="1" branch-rate="1" complexity="1">
              <lines>
                <line number="24" hits="2" branch="False" />
              </lines>
            </method>
            <method name="IsInfected" signature="(System.Int32)" line-rate="0" branch-rate="1" complexity="1">
              <lines>
                <line number="33" hits="0" branch="False" />
              </lines>
            </method>
            <method name="Update" signature="(Terrarium.Logic.Simulation.World,System.Double)" line-rate="0.9" branch-rate="0.875" complexity="16">
              <lines>
                <line number="38" hits="17" branch="True" condition-coverage="50% (1/2)">
                  <conditions>
                    <condition number="1" type="jump" coverage="50%" />
                  </conditions>
                </line>
                <line number="39" hits="0" branch="False" />
                <line number="41" hits="17" branch="True" condition-coverage="50% (1/2)">
                  <conditions>
                    <condition number="24" type="jump" coverage="50%" />
                  </conditions>
                </line>
                <line number="42" hits="0" branch="False" />
                <line number="45" hits="17" branch="False" />
                <line number="46" hits="58" branch="True" condition-coverage="100% (2/2)">
                  <conditions>
                    <condition number="98" type="jump" coverage="100%" />
                  </conditions>
                </line>
                <line number="48" hits="12" branch="True" condition-coverage="100% (2/2)">
                  <conditions>
                    <condition number="83" type="jump" coverage="100%" />
                  </conditions>
                </line>
                <line number="49" hits="12" branch="False" />
                <line number="51" hits="46" branch="True" condition-coverage="100% (2/2)">
                  <conditions>
                    <condition number="157" type="jump" coverage="100%" />
                  </conditions>
                </line>
                <line number="53" hits="6" branch="True" condition-coverage="100% (2/2)">
                  <conditions>
                    <condition number="141" type="jump" coverage="100%" />
                  </conditions>
                </line>
                <line number="54" hits="6" branch="False" />
                <line number="57" hits="17" branch="True" condition-coverage="100% (2/2)">
                  <conditions>
                    <condition number="177" type="jump" coverage="100%" />
                  </conditions>
                </line>
                <line number="59" hits="11" branch="False" />
                <line number="60" hits="11" branch="False" />
                <line number="63" hits="6" branch="False" />
                <line number="65" hits="6" branch="True" condition-coverage="100% (2/2)">
                  <conditions>
                    <condition number="209" type="jump" coverage="100%" />
                  </conditions>
                </line>
                <line number="67" hits="6" branch="False" />
                <line number="70" hits="6" branch="False" />
                <line number="71" hits="6" branch="False" />
                <line number="72" hits="6" branch="False" />
              </lines>
            </method>
            <method name="CleanupDeadOrMissing" signature="(System.Collections.Generic.List`1&lt;Terrarium.Logic.Entities.Creature&gt;)" line-rate="0.1666" branch-rate="0.1" complexity="10">
              <lines>
                <line number="76" hits="6" branch="True" condition-coverage="50% (1/2)">
                  <conditions>
                    <condition number="11" type="jump" coverage="50%" />
                  </conditions>
                </line>
                <line number="77" hits="6" branch="False" />
                <line number="79" hits="0" branch="False" />
                <line number="80" hits="0" branch="True" condition-coverage="0% (0/2)">
                  <conditions>
                    <condition number="57" type="jump" coverage="0%" />
                  </conditions>
                </line>
                <line number="81" hits="0" branch="False" />
                <line number="83" hits="0" branch="False" />
                <line number="84" hits="0" branch="True" condition-coverage="0% (0/2)">
                  <conditions>
                    <condition number="135" type="jump" coverage="0%" />
                  </conditions>
                </line>
                <line number="86" hits="0" branch="True" condition-coverage="0% (0/2)">
                  <conditions>
                    <condition number="118" type="jump" coverage="0%" />
                  </conditions>
                </line>
                <line number="87" hits="0" branch="False" />
                <line number="90" hits="0" branch="True" condition-coverage="0% (0/2)">
                  <conditions>
                    <condition number="193" type="jump" coverage="0%" />
                  </conditions>
                </line>
                <line number="91" hits="0" branch="False" />
                <line number="92" hits="0" branch="False" />
              </lines>
            </method>
            <method name="TrySeedInfection" signature="(System.Collections.Generic.List`1&lt;Terrarium.Logic.Entities.Creature&gt;,System.Double)" line-rate="0.8571" branch-rate="0.75" complexity="4">
              <lines>
                <line number="96" hits="6" branch="True" condition-coverage="50% (1/2)">
                  <conditions>
                    <condition number="7" type="jump" coverage="50%" />
                  </conditions>
                </line>
                <line number="97" hits="0" branch="False" />
                <line number="99" hits="6" branch="False" />
                <line number="100" hits="6" branch="True" condition-coverage="100% (2/2)">
                  <conditions>
                    <condition number="78" type="jump" coverage="100%" />
                  </conditions>
                </line>
                <line number="102" hits="1" branch="False" />
                <line number="103" hits="1" branch="False" />
                <line number="105" hits="6" branch="False" />
              </lines>
            </method>
            <method name="ApplyEffectsAndProgress" signature="(System.Collections.Generic.List`1&lt;Terrarium.Logic.Entities.Creature&gt;,System.Double)" line-rate="0.8571" branch-rate="0.8" complexity="10">
              <lines>
                <line number="109" hits="6" branch="True" condition-coverage="100% (2/2)">
                  <conditions>
                    <condition number="11" type="jump" coverage="100%" />
                  </conditions>
                </line>
                <line number="110" hits="5" branch="False" />
                <line number="112" hits="1" branch="False" />
                <line number="114" hits="8" branch="True" condition-coverage="100% (2/2)">
                  <conditions>
                    <condition number="152" type="jump" coverage="100%" />
                  </conditions>
                </line>
                <line number="116" hits="3" branch="True" condition-coverage="100% (2/2)">
                  <conditions>
                    <condition number="56" type="jump" coverage="100%" />
                  </conditions>
                </line>
                <line number="119" hits="1" branch="False" />
                <line number="122" hits="1" branch="False" />
                <line number="123" hits="1" branch="False" />
                <line number="125" hits="1" branch="True" condition-coverage="50% (1/2)">
                  <conditions>
                    <condition number="111" type="jump" coverage="50%" />
                  </conditions>
                </line>
                <line number="127" hits="0" branch="False" />
                <line number="131" hits="1" branch="False" />
                <line number="135" hits="2" branch="True" condition-coverage="50% (1/2)">
                  <conditions>
                    <condition number="210" type="jump" coverage="50%" />
                  </conditions>
                </line>
                <line number="136" hits="0" branch="False" />
                <line number="137" hits="1" branch="False" />
              </lines>
            </method>
            <method name="TrySpread" signature="(System.Collections.Generic.List`1&lt;Terrarium.Logic.Entities.Creature&gt;,System.Double)" line-rate="0.4" branch-rate="0.409" complexity="22">
              <lines>
                <line number="141" hits="6" branch="True" condition-coverage="100% (2/2)">
                  <conditions>
                    <condition number="11" type="jump" coverage="100%" />
                  </conditions>
                </line>
                <line number="142" hits="5" branch="False" />
                <line number="144" hits="1" branch="False" />
                <line number="145" hits="1" branch="True" condition-coverage="50% (1/2)">
                  <conditions>
                    <condition number="80" type="jump" coverage="50%" />
                  </conditions>
                </line>
                <line number="146" hits="0" branch="False" />
                <line number="149" hits="8" branch="True" condition-coverage="100% (2/2)">
                  <conditions>
                    <condition number="289" type="jump" coverage="100%" />
                  </conditions>
                </line>
                <line number="151" hits="3" branch="True" condition-coverage="100% (2/2)">
                  <conditions>
                    <condition number="120" type="jump" coverage="100%" />
                  </conditions>
                </line>
                <line number="154" hits="1" branch="True" condition-coverage="50% (1/2)">
                  <conditions>
                    <condition number="137" type="jump" coverage="50%" />
                  </conditions>
                </line>
                <line number="157" hits="0" branch="False" />
                <line number="158" hits="0" branch="False" />
                <line number="160" hits="0" branch="True" condition-coverage="0% (0/2)">
                  <conditions>
                    <condition number="249" type="jump" coverage="0%" />
                  </conditions>
                </line>
                <line number="162" hits="0" branch="True" condition-coverage="0% (0/2)">
                  <conditions>
                    <condition number="187" type="jump" coverage="0%" />
                  </conditions>
                </line>
                <line number="164" hits="0" branch="True" condition-coverage="0% (0/2)">
                  <conditions>
                    <condition number="207" type="jump" coverage="0%" />
                  </conditions>
                </line>
                <line number="167" hits="0" branch="False" />
                <line number="168" hits="0" branch="True" condition-coverage="0% (0/4)">
                  <conditions>
                    <condition number="227" type="jump" coverage="0%" />
                    <condition number="233" type="jump" coverage="0%" />
                  </conditions>
                </line>
                <line number="170" hits="0" branch="False" />
                <line number="171" hits="0" branch="False" />
                <line number="175" hits="0" branch="True" condition-coverage="50% (1/2)">
                  <conditions>
                    <condition number="268" type="jump" coverage="50%" />
                  </conditions>
                </line>
                <line number="177" hits="0" branch="False" />
                <line number="180" hits="1" branch="False" />
              </lines>
            </method>
            <method name="Infect" signature="(System.Int32)" line-rate="0.75" branch-rate="0.5" complexity="2">
              <lines>
                <line number="184" hits="1" branch="True" condition-coverage="50% (1/2)">
                  <conditions>
                    <condition number="12" type="jump" coverage="50%" />
                  </conditions>
                </line>
                <line number="185" hits="0" branch="False" />
                <line number="187" hits="1" branch="False" />
                <line number="188" hits="1" branch="False" />
              </lines>
            </method>
            <method name=".ctor" signature="(System.Random)" line-rate="1" branch-rate="1" complexity="2">
              <lines>
                <line number="13" hits="8" branch="False" />
                <line number="26" hits="8" branch="False" />
                <line number="28" hits="8" branch="True" condition-coverage="100% (2/2)">
                  <conditions>
                    <condition number="110" type="jump" coverage="100%" />
                  </conditions>
                </line>
                <line number="29" hits="8" branch="False" />
              </lines>
            </method>
          </methods>
          <lines>
            <line number="16" hits="15" branch="False" />
            <line number="17" hits="9" branch="False" />
            <line number="18" hits="8" branch="False" />
            <line number="19" hits="9" branch="False" />
            <line number="21" hits="9" branch="False" />
            <line number="22" hits="9" branch="False" />
            <line number="24" hits="2" branch="False" />
            <line number="33" hits="0" branch="False" />
            <line number="38" hits="17" branch="True" condition-coverage="50% (1/2)">
              <conditions>
                <condition number="1" type="jump" coverage="50%" />
              </conditions>
            </line>
            <line number="39" hits="0" branch="False" />
            <line number="41" hits="17" branch="True" condition-coverage="50% (1/2)">
              <conditions>
                <condition number="24" type="jump" coverage="50%" />
              </conditions>
            </line>
            <line number="42" hits="0" branch="False" />
            <line number="45" hits="17" branch="False" />
            <line number="46" hits="58" branch="True" condition-coverage="100% (2/2)">
              <conditions>
                <condition number="98" type="jump" coverage="100%" />
              </conditions>
            </line>
            <line number="48" hits="12" branch="True" condition-coverage="100% (2/2)">
              <conditions>
                <condition number="83" type="jump" coverage="100%" />
              </conditions>
            </line>
            <line number="49" hits="12" branch="False" />
            <line number="51" hits="46" branch="True" condition-coverage="100% (2/2)">
              <conditions>
                <condition number="157" type="jump" coverage="100%" />
              </conditions>
            </line>
            <line number="53" hits="6" branch="True" condition-coverage="100% (2/2)">
              <conditions>
                <condition number="141" type="jump" coverage="100%" />
              </conditions>
            </line>
            <line number="54" hits="6" branch="False" />
            <line number="57" hits="17" branch="True" condition-coverage="100% (2/2)">
              <conditions>
                <condition number="177" type="jump" coverage="100%" />
              </conditions>
            </line>
            <line number="59" hits="11" branch="False" />
            <line number="60" hits="11" branch="False" />
            <line number="63" hits="6" branch="False" />
            <line number="65" hits="6" branch="True" condition-coverage="100% (2/2)">
              <conditions>
                <condition number="209" type="jump" coverage="100%" />
              </conditions>
            </line>
            <line number="67" hits="6" branch="False" />
            <line number="70" hits="6" branch="False" />
            <line number="71" hits="6" branch="False" />
            <line number="72" hits="6" branch="False" />
            <line number="76" hits="6" branch="True" condition-coverage="50% (1/2)">
              <conditions>
                <condition number="11" type="jump" coverage="50%" />
              </conditions>
            </line>
            <line number="77" hits="6" branch="False" />
            <line number="79" hits="0" branch="False" />
            <line number="80" hits="0" branch="True" condition-coverage="0% (0/2)">
              <conditions>
                <condition number="57" type="jump" coverage="0%" />
              </conditions>
            </line>
            <line number="81" hits="0" branch="False" />
            <line number="83" hits="0" branch="False" />
            <line number="84" hits="0" branch="True" condition-coverage="0% (0/2)">
              <conditions>
                <condition number="135" type="jump" coverage="0%" />
              </conditions>
            </line>
            <line number="86" hits="0" branch="True" condition-coverage="0% (0/2)">
              <conditions>
                <condition number="118" type="jump" coverage="0%" />
              </conditions>
            </line>
            <line number="87" hits="0" branch="False" />
            <line number="90" hits="0" branch="True" condition-coverage="0% (0/2)">
              <conditions>
                <condition number="193" type="jump" coverage="0%" />
              </conditions>
            </line>
            <line number="91" hits="0" branch="False" />
            <line number="92" hits="0" branch="False" />
            <line number="96" hits="6" branch="True" condition-coverage="50% (1/2)">
              <conditions>
                <condition number="7" type="jump" coverage="50%" />
              </conditions>
            </line>
            <line number="97" hits="0" branch="False" />
            <line number="99" hits="6" branch="False" />
            <line number="100" hits="6" branch="True" condition-coverage="100% (2/2)">
              <conditions>
                <condition number="78" type="jump" coverage="100%" />
              </conditions>
            </line>
            <line number="102" hits="1" branch="False" />
            <line number="103" hits="1" branch="False" />
            <line number="105" hits="6" branch="False" />
            <line number="109" hits="6" branch="True" condition-coverage="100% (2/2)">
              <conditions>
                <condition number="11" type="jump" coverage="100%" />
              </conditions>
            </line>
            <line number="110" hits="5" branch="False" />
            <line number="112" hits="1" branch="False" />
            <line number="114" hits="8" branch="True" condition-coverage="100% (2/2)">
              <conditions>
                <condition number="152" type="jump" coverage="100%" />
              </conditions>
            </line>
            <line number="116" hits="3" branch="True" condition-coverage="100% (2/2)">
              <conditions>
                <condition number="56" type="jump" coverage="100%" />
              </conditions>
            </line>
            <line number="119" hits="1" branch="False" />
            <line number="122" hits="1" branch="False" />
            <line number="123" hits="1" branch="False" />
            <line number="125" hits="1" branch="True" condition-coverage="50% (1/2)">
              <conditions>
                <condition number="111" type="jump" coverage="50%" />
              </conditions>
            </line>
            <line number="127" hits="0" branch="False" />
            <line number="131" hits="1" branch="False" />
            <line number="135" hits="2" branch="True" condition-coverage="50% (1/2)">
              <conditions>
                <condition number="210" type="jump" coverage="50%" />
              </conditions>
            </line>
            <line number="136" hits="0" branch="False" />
            <line number="137" hits="1" branch="False" />
            <line number="141" hits="6" branch="True" condition-coverage="100% (2/2)">
              <conditions>
                <condition number="11" type="jump" coverage="100%" />
              </conditions>
            </line>
            <line number="142" hits="5" branch="False" />
            <line number="144" hits="1" branch="False" />
            <line number="145" hits="1" branch="True" condition-coverage="50% (1/2)">
              <conditions>
                <condition number="80" type="jump" coverage="50%" />
              </conditions>
            </line>
            <line number="146" hits="0" branch="False" />
            <line number="149" hits="8" branch="True" condition-coverage="100% (2/2)">
              <conditions>
                <condition number="289" type="jump" coverage="100%" />
              </conditions>
            </line>
            <line number="151" hits="3" branch="True" condition-coverage="100% (2/2)">
              <conditions>
                <condition number="120" type="jump" coverage="100%" />
              </conditions>
            </line>
            <line number="154" hits="1" branch="True" condition-coverage="50% (1/2)">
              <conditions>
                <condition number="137" type="jump" coverage="50%" />
              </conditions>
            </line>
            <line number="157" hits="0" branch="False" />
            <line number="158" hits="0" branch="False" />
            <line number="160" hits="0" branch="True" condition-coverage="0% (0/2)">
              <conditions>
                <condition number="249" type="jump" coverage="0%" />
              </conditions>
            </line>
            <line number="162" hits="0" branch="True" condition-coverage="0% (0/2)">
              <conditions>
                <condition number="187" type="jump" coverage="0%" />
              </conditions>
            </line>
            <line number="164" hits="0" branch="True" condition-coverage="0% (0/2)">
              <conditions>
                <condition number="207" type="jump" coverage="0%" />
              </conditions>
            </line>
            <line number="167" hits="0" branch="False" />
            <line number="168" hits="0" branch="True" condition-coverage="0% (0/4)">
              <conditions>
                <condition number="227" type="jump" coverage="0%" />
                <condition number="233" type="jump" coverage="0%" />
              </conditions>
            </line>
            <line number="170" hits="0" branch="False" />
            <line number="171" hits="0" branch="False" />
            <line number="175" hits="0" branch="True" condition-coverage="50% (1/2)">
              <conditions>
                <condition number="268" type="jump" coverage="50%" />
              </conditions>
            </line>
            <line number="177" hits="0" branch="False" />
            <line number="180" hits="1" branch="False" />
            <line number="184" hits="1" branch="True" condition-coverage="50% (1/2)">
              <conditions>
                <condition number="12" type="jump" coverage="50%" />
              </conditions>
            </line>
            <line number="185" hits="0" branch="False" />
            <line number="187" hits="1" branch="False" />
            <line number="188" hits="1" branch="False" />
            <line number="13" hits="8" branch="False" />
            <line number="26" hits="8" branch="False" />
            <line number="28" hits="8" branch="True" condition-coverage="100% (2/2)">
              <conditions>
                <condition number="110" type="jump" coverage="100%" />
              </conditions>
            </line>
            <line number="29" hits="8" branch="False" />
          </lines>
        </class>
        <class name="Terrarium.Logic.Simulation.EcosystemHealthScorer" filename="Simulation\EcosystemHealthScorer.cs" line-rate="0.96" branch-rate="1" complexity="15">
          <methods>
            <method name="CalculateHealth01" signature="(System.Int32,System.Int32,System.Int32)" line-rate="0" branch-rate="1" complexity="1">
              <lines>
                <line number="12" hits="0" branch="False" />
              </lines>
            </method>
            <method name="CalculateHealthPercent" signature="(System.Int32,System.Int32,System.Int32)" line-rate="1" branch-rate="1" complexity="14">
              <lines>
                <line number="17" hits="10" branch="False" />
                <line number="20" hits="10" branch="True" condition-coverage="100% (2/2)">
                  <conditions>
                    <condition number="11" type="jump" coverage="100%" />
                  </conditions>
                </line>
                <line number="21" hits="3" branch="False" />
                <line number="22" hits="10" branch="True" condition-coverage="100% (2/2)">
                  <conditions>
                    <condition number="26" type="jump" coverage="100%" />
                  </conditions>
                </line>
                <line number="23" hits="4" branch="False" />
                <line number="24" hits="10" branch="True" condition-coverage="100% (2/2)">
                  <conditions>
                    <condition number="41" type="jump" coverage="100%" />
                  </conditions>
                </line>
                <line number="25" hits="3" branch="False" />
                <line number="28" hits="10" branch="False" />
                <line number="29" hits="10" branch="True" condition-coverage="100% (2/2)">
                  <conditions>
                    <condition number="63" type="jump" coverage="100%" />
                  </conditions>
                </line>
                <line number="31" hits="9" branch="False" />
                <line number="32" hits="9" branch="False" />
                <line number="33" hits="9" branch="False" />
                <line number="36" hits="9" branch="False" />
                <line number="37" hits="9" branch="False" />
                <line number="38" hits="9" branch="False" />
                <line number="40" hits="9" branch="False" />
                <line number="41" hits="9" branch="False" />
                <line number="45" hits="1" branch="False" />
                <line number="49" hits="10" branch="False" />
                <line number="50" hits="10" branch="True" condition-coverage="100% (2/2)">
                  <conditions>
                    <condition number="264" type="jump" coverage="100%" />
                  </conditions>
                </line>
                <line number="51" hits="4" branch="False" />
                <line number="54" hits="10" branch="True" condition-coverage="100% (4/4)">
                  <conditions>
                    <condition number="295" type="jump" coverage="100%" />
                    <condition number="300" type="jump" coverage="100%" />
                  </conditions>
                </line>
                <line number="55" hits="6" branch="False" />
                <line number="57" hits="10" branch="False" />
              </lines>
            </method>
          </methods>
          <lines>
            <line number="12" hits="0" branch="False" />
            <line number="17" hits="10" branch="False" />
            <line number="20" hits="10" branch="True" condition-coverage="100% (2/2)">
              <conditions>
                <condition number="11" type="jump" coverage="100%" />
              </conditions>
            </line>
            <line number="21" hits="3" branch="False" />
            <line number="22" hits="10" branch="True" condition-coverage="100% (2/2)">
              <conditions>
                <condition number="26" type="jump" coverage="100%" />
              </conditions>
            </line>
            <line number="23" hits="4" branch="False" />
            <line number="24" hits="10" branch="True" condition-coverage="100% (2/2)">
              <conditions>
                <condition number="41" type="jump" coverage="100%" />
              </conditions>
            </line>
            <line number="25" hits="3" branch="False" />
            <line number="28" hits="10" branch="False" />
            <line number="29" hits="10" branch="True" condition-coverage="100% (2/2)">
              <conditions>
                <condition number="63" type="jump" coverage="100%" />
              </conditions>
            </line>
            <line number="31" hits="9" branch="False" />
            <line number="32" hits="9" branch="False" />
            <line number="33" hits="9" branch="False" />
            <line number="36" hits="9" branch="False" />
            <line number="37" hits="9" branch="False" />
            <line number="38" hits="9" branch="False" />
            <line number="40" hits="9" branch="False" />
            <line number="41" hits="9" branch="False" />
            <line number="45" hits="1" branch="False" />
            <line number="49" hits="10" branch="False" />
            <line number="50" hits="10" branch="True" condition-coverage="100% (2/2)">
              <conditions>
                <condition number="264" type="jump" coverage="100%" />
              </conditions>
            </line>
            <line number="51" hits="4" branch="False" />
            <line number="54" hits="10" branch="True" condition-coverage="100% (4/4)">
              <conditions>
                <condition number="295" type="jump" coverage="100%" />
                <condition number="300" type="jump" coverage="100%" />
              </conditions>
            </line>
            <line number="55" hits="6" branch="False" />
            <line number="57" hits="10" branch="False" />
          </lines>
        </class>
        <class name="Terrarium.Logic.Simulation.EventSystem" filename="Simulation\EventSystem.cs" line-rate="0.72" branch-rate="0.46659999999999996" complexity="31">
          <methods>
            <method name="get_Instance" signature="()" line-rate="1" branch-rate="0.5" complexity="2">
              <lines>
                <line number="13" hits="23" branch="True" condition-coverage="50% (1/2)">
                  <conditions>
                    <condition number="6" type="jump" coverage="50%" />
                  </conditions>
                </line>
              </lines>
            </method>
            <method name="OnEntityBorn" signature="(Terrarium.Logic.Entities.WorldEntity)" line-rate="1" branch-rate="0.5" complexity="2">
              <lines>
                <line number="76" hits="1" branch="True" condition-coverage="50% (1/2)">
                  <conditions>
                    <condition number="7" type="jump" coverage="50%" />
                  </conditions>
                </line>
                <line number="77" hits="1" branch="False" />
              </lines>
            </method>
            <method name="OnEntityDied" signature="(Terrarium.Logic.Entities.WorldEntity,Terrarium.Logic.Simulation.DeathCause)" line-rate="0.75" branch-rate="0.5" complexity="6">
              <lines>
                <line number="84" hits="1" branch="True" condition-coverage="50% (1/2)">
                  <conditions>
                    <condition number="7" type="jump" coverage="50%" />
                  </conditions>
                </line>
                <line number="87" hits="1" branch="True" condition-coverage="50% (1/2)">
                  <conditions>
                    <condition number="33" type="jump" coverage="50%" />
                  </conditions>
                </line>
                <line number="89" hits="1" branch="True" condition-coverage="50% (1/2)">
                  <conditions>
                    <condition number="42" type="jump" coverage="50%" />
                  </conditions>
                </line>
                <line number="91" hits="0" branch="False" />
              </lines>
            </method>
            <method name="OnEntityFed" signature="(Terrarium.Logic.Entities.Creature,Terrarium.Logic.Entities.WorldEntity,System.Double)" line-rate="0.75" branch-rate="0.5" complexity="6">
              <lines>
                <line number="98" hits="1" branch="True" condition-coverage="50% (1/2)">
                  <conditions>
                    <condition number="7" type="jump" coverage="50%" />
                  </conditions>
                </line>
                <line number="101" hits="1" branch="True" condition-coverage="50% (1/2)">
                  <conditions>
                    <condition number="34" type="jump" coverage="50%" />
                  </conditions>
                </line>
                <line number="103" hits="1" branch="True" condition-coverage="50% (1/2)">
                  <conditions>
                    <condition number="43" type="jump" coverage="50%" />
                  </conditions>
                </line>
                <line number="105" hits="0" branch="False" />
              </lines>
            </method>
            <method name="OnEntityReproduced" signature="(Terrarium.Logic.Entities.Creature,Terrarium.Logic.Entities.Creature,Terrarium.Logic.Entities.Creature)" line-rate="0.6666" branch-rate="0.5" complexity="4">
              <lines>
                <line number="112" hits="1" branch="True" condition-coverage="50% (1/2)">
                  <conditions>
                    <condition number="7" type="jump" coverage="50%" />
                  </conditions>
                </line>
                <line number="115" hits="1" branch="True" condition-coverage="50% (1/2)">
                  <conditions>
                    <condition number="33" type="jump" coverage="50%" />
                  </conditions>
                </line>
                <line number="116" hits="0" branch="False" />
              </lines>
            </method>
            <method name="RaiseDayPhaseChanged" signature="(System.String)" line-rate="0.5" branch-rate="0.5" complexity="2">
              <lines>
                <line number="123" hits="2" branch="True" condition-coverage="50% (1/2)">
                  <conditions>
                    <condition number="7" type="jump" coverage="50%" />
                  </conditions>
                </line>
                <line number="124" hits="0" branch="False" />
              </lines>
            </method>
            <method name="RaiseMilestoneReached" signature="(System.String,System.Int32)" line-rate="0" branch-rate="0" complexity="2">
              <lines>
                <line number="131" hits="0" branch="True" condition-coverage="0% (0/2)">
                  <conditions>
                    <condition number="7" type="jump" coverage="0%" />
                  </conditions>
                </line>
                <line number="132" hits="0" branch="False" />
              </lines>
            </method>
            <method name="RaiseDayPhaseChanged" signature="(Terrarium.Logic.Simulation.DayPhase,Terrarium.Logic.Simulation.DayPhase)" line-rate="0.6666" branch-rate="0.5" complexity="4">
              <lines>
                <line number="139" hits="1" branch="True" condition-coverage="50% (1/2)">
                  <conditions>
                    <condition number="7" type="jump" coverage="50%" />
                  </conditions>
                </line>
                <line number="140" hits="1" branch="True" condition-coverage="50% (1/2)">
                  <conditions>
                    <condition number="32" type="jump" coverage="50%" />
                  </conditions>
                </line>
                <line number="141" hits="0" branch="False" />
              </lines>
            </method>
            <method name="OnWeatherChanged" signature="(System.Double,System.Double)" line-rate="1" branch-rate="0.5" complexity="2">
              <lines>
                <line number="148" hits="1" branch="True" condition-coverage="50% (1/2)">
                  <conditions>
                    <condition number="7" type="jump" coverage="50%" />
                  </conditions>
                </line>
                <line number="149" hits="1" branch="False" />
              </lines>
            </method>
            <method name="Reset" signature="()" line-rate="1" branch-rate="1" complexity="1">
              <lines>
                <line number="156" hits="11" branch="False" />
                <line number="157" hits="11" branch="False" />
              </lines>
            </method>
          </methods>
          <lines>
            <line number="13" hits="23" branch="True" condition-coverage="50% (1/2)">
              <conditions>
                <condition number="6" type="jump" coverage="50%" />
              </conditions>
            </line>
            <line number="76" hits="1" branch="True" condition-coverage="50% (1/2)">
              <conditions>
                <condition number="7" type="jump" coverage="50%" />
              </conditions>
            </line>
            <line number="77" hits="1" branch="False" />
            <line number="84" hits="1" branch="True" condition-coverage="50% (1/2)">
              <conditions>
                <condition number="7" type="jump" coverage="50%" />
              </conditions>
            </line>
            <line number="87" hits="1" branch="True" condition-coverage="50% (1/2)">
              <conditions>
                <condition number="33" type="jump" coverage="50%" />
              </conditions>
            </line>
            <line number="89" hits="1" branch="True" condition-coverage="50% (1/2)">
              <conditions>
                <condition number="42" type="jump" coverage="50%" />
              </conditions>
            </line>
            <line number="91" hits="0" branch="False" />
            <line number="98" hits="1" branch="True" condition-coverage="50% (1/2)">
              <conditions>
                <condition number="7" type="jump" coverage="50%" />
              </conditions>
            </line>
            <line number="101" hits="1" branch="True" condition-coverage="50% (1/2)">
              <conditions>
                <condition number="34" type="jump" coverage="50%" />
              </conditions>
            </line>
            <line number="103" hits="1" branch="True" condition-coverage="50% (1/2)">
              <conditions>
                <condition number="43" type="jump" coverage="50%" />
              </conditions>
            </line>
            <line number="105" hits="0" branch="False" />
            <line number="112" hits="1" branch="True" condition-coverage="50% (1/2)">
              <conditions>
                <condition number="7" type="jump" coverage="50%" />
              </conditions>
            </line>
            <line number="115" hits="1" branch="True" condition-coverage="50% (1/2)">
              <conditions>
                <condition number="33" type="jump" coverage="50%" />
              </conditions>
            </line>
            <line number="116" hits="0" branch="False" />
            <line number="123" hits="2" branch="True" condition-coverage="50% (1/2)">
              <conditions>
                <condition number="7" type="jump" coverage="50%" />
              </conditions>
            </line>
            <line number="124" hits="0" branch="False" />
            <line number="131" hits="0" branch="True" condition-coverage="0% (0/2)">
              <conditions>
                <condition number="7" type="jump" coverage="0%" />
              </conditions>
            </line>
            <line number="132" hits="0" branch="False" />
            <line number="139" hits="1" branch="True" condition-coverage="50% (1/2)">
              <conditions>
                <condition number="7" type="jump" coverage="50%" />
              </conditions>
            </line>
            <line number="140" hits="1" branch="True" condition-coverage="50% (1/2)">
              <conditions>
                <condition number="32" type="jump" coverage="50%" />
              </conditions>
            </line>
            <line number="141" hits="0" branch="False" />
            <line number="148" hits="1" branch="True" condition-coverage="50% (1/2)">
              <conditions>
                <condition number="7" type="jump" coverage="50%" />
              </conditions>
            </line>
            <line number="149" hits="1" branch="False" />
            <line number="156" hits="11" branch="False" />
            <line number="157" hits="11" branch="False" />
          </lines>
        </class>
        <class name="Terrarium.Logic.Simulation.EntityEventArgs" filename="Simulation\EventSystem.cs" line-rate="1" branch-rate="1" complexity="2">
          <methods>
            <method name="get_Entity" signature="()" line-rate="1" branch-rate="1" complexity="1">
              <lines>
                <line number="165" hits="1" branch="False" />
              </lines>
            </method>
            <method name=".ctor" signature="(Terrarium.Logic.Entities.WorldEntity)" line-rate="1" branch-rate="1" complexity="1">
              <lines>
                <line number="167" hits="2" branch="False" />
                <line number="169" hits="2" branch="False" />
                <line number="170" hits="2" branch="False" />
              </lines>
            </method>
          </methods>
          <lines>
            <line number="165" hits="1" branch="False" />
            <line number="167" hits="2" branch="False" />
            <line number="169" hits="2" branch="False" />
            <line number="170" hits="2" branch="False" />
          </lines>
        </class>
        <class name="Terrarium.Logic.Simulation.EntityDeathEventArgs" filename="Simulation\EventSystem.cs" line-rate="1" branch-rate="1" complexity="2">
          <methods>
            <method name="get_Cause" signature="()" line-rate="1" branch-rate="1" complexity="1">
              <lines>
                <line number="178" hits="1" branch="False" />
              </lines>
            </method>
            <method name=".ctor" signature="(Terrarium.Logic.Entities.WorldEntity,Terrarium.Logic.Simulation.DeathCause)" line-rate="1" branch-rate="1" complexity="1">
              <lines>
                <line number="180" hits="1" branch="False" />
                <line number="182" hits="1" branch="False" />
                <line number="183" hits="1" branch="False" />
              </lines>
            </method>
          </methods>
          <lines>
            <line number="178" hits="1" branch="False" />
            <line number="180" hits="1" branch="False" />
            <line number="182" hits="1" branch="False" />
            <line number="183" hits="1" branch="False" />
          </lines>
        </class>
        <class name="Terrarium.Logic.Simulation.EntityFeedEventArgs" filename="Simulation\EventSystem.cs" line-rate="0.75" branch-rate="1" complexity="4">
          <methods>
            <method name="get_Eater" signature="()" line-rate="0" branch-rate="1" complexity="1">
              <lines>
                <line number="191" hits="0" branch="False" />
              </lines>
            </method>
            <method name="get_Food" signature="()" line-rate="0" branch-rate="1" complexity="1">
              <lines>
                <line number="192" hits="0" branch="False" />
              </lines>
            </method>
            <method name="get_NutritionValue" signature="()" line-rate="1" branch-rate="1" complexity="1">
              <lines>
                <line number="193" hits="1" branch="False" />
              </lines>
            </method>
            <method name=".ctor" signature="(Terrarium.Logic.Entities.Creature,Terrarium.Logic.Entities.WorldEntity,System.Double)" line-rate="1" branch-rate="1" complexity="1">
              <lines>
                <line number="195" hits="1" branch="False" />
                <line number="197" hits="1" branch="False" />
                <line number="198" hits="1" branch="False" />
                <line number="199" hits="1" branch="False" />
                <line number="200" hits="1" branch="False" />
              </lines>
            </method>
          </methods>
          <lines>
            <line number="191" hits="0" branch="False" />
            <line number="192" hits="0" branch="False" />
            <line number="193" hits="1" branch="False" />
            <line number="195" hits="1" branch="False" />
            <line number="197" hits="1" branch="False" />
            <line number="198" hits="1" branch="False" />
            <line number="199" hits="1" branch="False" />
            <line number="200" hits="1" branch="False" />
          </lines>
        </class>
        <class name="Terrarium.Logic.Simulation.ReproductionEventArgs" filename="Simulation\EventSystem.cs" line-rate="0.75" branch-rate="1" complexity="4">
          <methods>
[...]
                <line number="21" hits="77" branch="False" />
                <line number="22" hits="77" branch="False" />
              </lines>
            </method>
          </methods>
          <lines>
            <line number="16" hits="78" branch="False" />
            <line number="29" hits="3" branch="True" condition-coverage="50% (2/4)">
              <conditions>
                <condition number="1" type="jump" coverage="50%" />
                <condition number="9" type="jump" coverage="50%" />
              </conditions>
            </line>
            <line number="30" hits="0" branch="False" />
            <line number="32" hits="3" branch="False" />
            <line number="33" hits="3" branch="True" condition-coverage="100% (2/2)">
              <conditions>
                <condition number="29" type="jump" coverage="100%" />
              </conditions>
            </line>
            <line number="36" hits="2" branch="False" />
            <line number="37" hits="2" branch="False" />
            <line number="40" hits="2" branch="False" />
            <line number="42" hits="2" branch="False" />
            <line number="45" hits="1" branch="False" />
            <line number="53" hits="1" branch="False" />
            <line number="54" hits="1" branch="False" />
            <line number="56" hits="8" branch="True" condition-coverage="100% (2/2)">
              <conditions>
                <condition number="53" type="jump" coverage="100%" />
              </conditions>
            </line>
            <line number="58" hits="3" branch="True" condition-coverage="100% (2/2)">
              <conditions>
                <condition number="26" type="jump" coverage="100%" />
              </conditions>
            </line>
            <line number="61" hits="3" branch="False" />
            <line number="62" hits="3" branch="True" condition-coverage="100% (2/2)">
              <conditions>
                <condition number="40" type="jump" coverage="100%" />
              </conditions>
            </line>
            <line number="64" hits="2" branch="False" />
            <line number="65" hits="2" branch="False" />
            <line number="69" hits="1" branch="False" />
            <line number="77" hits="1" branch="False" />
            <line number="78" hits="1" branch="False" />
            <line number="79" hits="1" branch="False" />
            <line number="80" hits="1" branch="False" />
            <line number="19" hits="77" branch="False" />
            <line number="21" hits="77" branch="False" />
            <line number="22" hits="77" branch="False" />
          </lines>
        </class>
        <class name="Terrarium.Logic.Entities.LivingEntity" filename="Entities\LivingEntity.cs" line-rate="0.9655" branch-rate="1" complexity="14">
          <methods>
            <method name="get_Health" signature="()" line-rate="1" branch-rate="1" complexity="1">
              <lines>
                <line number="22" hits="645" branch="False" />
              </lines>
            </method>
            <method name="set_Health" signature="(System.Double)" line-rate="1" branch-rate="1" complexity="2">
              <lines>
                <line number="25" hits="735" branch="False" />
                <line number="26" hits="735" branch="True" condition-coverage="100% (2/2)">
                  <conditions>
                    <condition number="45" type="jump" coverage="100%" />
                  </conditions>
                </line>
                <line number="28" hits="3" branch="False" />
                <line number="30" hits="735" branch="False" />
              </lines>
            </method>
            <method name="get_Age" signature="()" line-rate="1" branch-rate="1" complexity="1">
              <lines>
                <line number="38" hits="481" branch="False" />
              </lines>
            </method>
            <method name="set_Age" signature="(System.Double)" line-rate="1" branch-rate="1" complexity="1">
              <lines>
                <line number="39" hits="578" branch="False" />
              </lines>
            </method>
            <method name="get_IsAlive" signature="()" line-rate="1" branch-rate="1" complexity="1">
              <lines>
                <line number="47" hits="1256" branch="False" />
              </lines>
            </method>
            <method name="set_IsAlive" signature="(System.Boolean)" line-rate="0" branch-rate="1" complexity="1">
              <lines>
                <line number="48" hits="0" branch="False" />
              </lines>
            </method>
            <method name="Update" signature="(System.Double)" line-rate="1" branch-rate="1" complexity="2">
              <lines>
                <line number="61" hits="494" branch="True" condition-coverage="100% (2/2)">
                  <conditions>
                    <condition number="6" type="jump" coverage="100%" />
                  </conditions>
                </line>
                <line number="62" hits="41" branch="False" />
                <line number="64" hits="453" branch="False" />
                <line number="65" hits="453" branch="False" />
                <line number="66" hits="453" branch="False" />
              </lines>
            </method>
            <method name="RestoreVitalStats" signature="(System.Double,System.Double)" line-rate="1" branch-rate="1" complexity="1">
              <lines>
                <line number="73" hits="2" branch="False" />
                <line number="74" hits="2" branch="False" />
                <line number="75" hits="2" branch="False" />
                <line number="76" hits="2" branch="False" />
              </lines>
            </method>
            <method name="UpdateHealth" signature="(System.Double)" line-rate="1" branch-rate="1" complexity="1">
              <lines>
                <line number="84" hits="453" branch="False" />
                <line number="85" hits="453" branch="False" />
              </lines>
            </method>
            <method name="TakeDamage" signature="(System.Double)" line-rate="1" branch-rate="1" complexity="1">
              <lines>
                <line number="92" hits="39" branch="False" />
                <line number="93" hits="39" branch="False" />
              </lines>
            </method>
            <method name="Heal" signature="(System.Double)" line-rate="1" branch-rate="1" complexity="1">
              <lines>
                <line number="100" hits="118" branch="False" />
                <line number="101" hits="118" branch="False" />
              </lines>
            </method>
            <method name=".ctor" signature="(System.Double,System.Double,System.Double)" line-rate="1" branch-rate="1" complexity="1">
              <lines>
                <line number="52" hits="123" branch="False" />
                <line number="54" hits="123" branch="False" />
                <line number="55" hits="123" branch="False" />
                <line number="56" hits="123" branch="False" />
                <line number="57" hits="123" branch="False" />
              </lines>
            </method>
          </methods>
          <lines>
            <line number="22" hits="645" branch="False" />
            <line number="25" hits="735" branch="False" />
            <line number="26" hits="735" branch="True" condition-coverage="100% (2/2)">
              <conditions>
                <condition number="45" type="jump" coverage="100%" />
              </conditions>
            </line>
            <line number="28" hits="3" branch="False" />
            <line number="30" hits="735" branch="False" />
            <line number="38" hits="481" branch="False" />
            <line number="39" hits="578" branch="False" />
            <line number="47" hits="1256" branch="False" />
            <line number="48" hits="0" branch="False" />
            <line number="61" hits="494" branch="True" condition-coverage="100% (2/2)">
              <conditions>
                <condition number="6" type="jump" coverage="100%" />
              </conditions>
            </line>
            <line number="62" hits="41" branch="False" />
            <line number="64" hits="453" branch="False" />
            <line number="65" hits="453" branch="False" />
            <line number="66" hits="453" branch="False" />
            <line number="73" hits="2" branch="False" />
            <line number="74" hits="2" branch="False" />
            <line number="75" hits="2" branch="False" />
            <line number="76" hits="2" branch="False" />
            <line number="84" hits="453" branch="False" />
            <line number="85" hits="453" branch="False" />
            <line number="92" hits="39" branch="False" />
            <line number="93" hits="39" branch="False" />
            <line number="100" hits="118" branch="False" />
            <line number="101" hits="118" branch="False" />
            <line number="52" hits="123" branch="False" />
            <line number="54" hits="123" branch="False" />
            <line number="55" hits="123" branch="False" />
            <line number="56" hits="123" branch="False" />
            <line number="57" hits="123" branch="False" />
          </lines>
        </class>
        <class name="Terrarium.Logic.Entities.Plant" filename="Entities\Plant.cs" line-rate="0.9375" branch-rate="1" complexity="19">
          <methods>
            <method name="get_Size" signature="()" line-rate="1" branch-rate="1" complexity="1">
              <lines>
                <line number="32" hits="167" branch="False" />
              </lines>
            </method>
            <method name="set_Size" signature="(System.Double)" line-rate="1" branch-rate="1" complexity="1">
              <lines>
                <line number="33" hits="79" branch="False" />
              </lines>
            </method>
            <method name="get_GrowthRate" signature="()" line-rate="1" branch-rate="1" complexity="1">
              <lines>
                <line number="41" hits="79" branch="False" />
              </lines>
            </method>
            <method name="set_GrowthRate" signature="(System.Double)" line-rate="0" branch-rate="1" complexity="1">
              <lines>
                <line number="42" hits="0" branch="False" />
              </lines>
            </method>
            <method name="get_WaterLevel" signature="()" line-rate="1" branch-rate="1" complexity="1">
              <lines>
                <line number="50" hits="217" branch="False" />
              </lines>
            </method>
            <method name="set_WaterLevel" signature="(System.Double)" line-rate="1" branch-rate="1" complexity="1">
              <lines>
                <line number="51" hits="111" branch="False" />
              </lines>
            </method>
            <method name="Update" signature="(System.Double)" line-rate="1" branch-rate="1" complexity="4">
              <lines>
                <line number="64" hits="139" branch="False" />
                <line number="66" hits="139" branch="True" condition-coverage="100% (2/2)">
                  <conditions>
                    <condition number="13" type="jump" coverage="100%" />
                  </conditions>
                </line>
                <line number="67" hits="41" branch="False" />
                <line number="70" hits="98" branch="False" />
                <line number="72" hits="98" branch="True" condition-coverage="100% (2/2)">
                  <conditions>
                    <condition number="55" type="jump" coverage="100%" />
                  </conditions>
                </line>
                <line number="74" hits="78" branch="False" />
                <line number="79" hits="20" branch="False" />
                <line number="81" hits="20" branch="False" />
              </lines>
            </method>
            <method name="Grow" signature="(System.Double)" line-rate="1" branch-rate="1" complexity="4">
              <lines>
                <line number="88" hits="79" branch="True" condition-coverage="100% (4/4)">
                  <conditions>
                    <condition number="15" type="jump" coverage="100%" />
                    <condition number="23" type="jump" coverage="100%" />
                  </conditions>
                </line>
                <line number="90" hits="79" branch="False" />
                <line number="92" hits="79" branch="False" />
                <line number="94" hits="79" branch="False" />
              </lines>
            </method>
            <method name="Water" signature="(System.Double)" line-rate="1" branch-rate="1" complexity="1">
              <lines>
                <line number="101" hits="13" branch="False" />
                <line number="102" hits="13" branch="False" />
              </lines>
            </method>
            <method name="Shake" signature="()" line-rate="0" branch-rate="1" complexity="1">
              <lines>
                <line number="111" hits="0" branch="False" />
              </lines>
            </method>
            <method name="OnClick" signature="()" line-rate="1" branch-rate="1" complexity="1">
              <lines>
                <line number="118" hits="1" branch="False" />
                <line number="119" hits="1" branch="False" />
              </lines>
            </method>
            <method name="ContainsPoint" signature="(System.Double,System.Double)" line-rate="1" branch-rate="1" complexity="1">
              <lines>
                <line number="126" hits="4" branch="False" />
                <line number="127" hits="4" branch="False" />
                <line number="128" hits="4" branch="False" />
                <line number="129" hits="4" branch="False" />
              </lines>
            </method>
            <method name=".ctor" signature="(System.Double,System.Double,System.Double)" line-rate="1" branch-rate="1" complexity="1">
              <lines>
                <line number="55" hits="37" branch="False" />
                <line number="57" hits="37" branch="False" />
                <line number="58" hits="37" branch="False" />
                <line number="59" hits="37" branch="False" />
                <line number="60" hits="37" branch="False" />
              </lines>
            </method>
          </methods>
          <lines>
            <line number="32" hits="167" branch="False" />
            <line number="33" hits="79" branch="False" />
            <line number="41" hits="79" branch="False" />
            <line number="42" hits="0" branch="False" />
            <line number="50" hits="217" branch="False" />
            <line number="51" hits="111" branch="False" />
            <line number="64" hits="139" branch="False" />
            <line number="66" hits="139" branch="True" condition-coverage="100% (2/2)">
              <conditions>
                <condition number="13" type="jump" coverage="100%" />
              </conditions>
            </line>
            <line number="67" hits="41" branch="False" />
            <line number="70" hits="98" branch="False" />
            <line number="72" hits="98" branch="True" condition-coverage="100% (2/2)">
              <conditions>
                <condition number="55" type="jump" coverage="100%" />
              </conditions>
            </line>
            <line number="74" hits="78" branch="False" />
            <line number="79" hits="20" branch="False" />
            <line number="81" hits="20" branch="False" />
            <line number="88" hits="79" branch="True" condition-coverage="100% (4/4)">
              <conditions>
                <condition number="15" type="jump" coverage="100%" />
                <condition number="23" type="jump" coverage="100%" />
              </conditions>
            </line>
            <line number="90" hits="79" branch="False" />
            <line number="92" hits="79" branch="False" />
            <line number="94" hits="79" branch="False" />
            <line number="101" hits="13" branch="False" />
            <line number="102" hits="13" branch="False" />
            <line number="111" hits="0" branch="False" />
            <line number="118" hits="1" branch="False" />
            <line number="119" hits="1" branch="False" />
            <line number="126" hits="4" branch="False" />
            <line number="127" hits="4" branch="False" />
            <line number="128" hits="4" branch="False" />
            <line number="129" hits="4" branch="False" />
            <line number="55" hits="37" branch="False" />
            <line number="57" hits="37" branch="False" />
            <line number="58" hits="37" branch="False" />
            <line number="59" hits="37" branch="False" />
            <line number="60" hits="37" branch="False" />
          </lines>
        </class>
        <class name="Terrarium.Logic.Entities.WorldEntity" filename="Entities\WorldEntity.cs" line-rate="1" branch-rate="1" complexity="7">
          <methods>
            <method name="get_Id" signature="()" line-rate="1" branch-rate="1" complexity="1">
              <lines>
                <line number="17" hits="19" branch="False" />
              </lines>
            </method>
            <method name="get_X" signature="()" line-rate="1" branch-rate="1" complexity="1">
              <lines>
                <line number="24" hits="526" branch="False" />
              </lines>
            </method>
            <method name="set_X" signature="(System.Double)" line-rate="1" branch-rate="1" complexity="1">
              <lines>
                <line number="25" hits="364" branch="False" />
              </lines>
            </method>
            <method name="get_Y" signature="()" line-rate="1" branch-rate="1" complexity="1">
              <lines>
                <line number="33" hits="523" branch="False" />
              </lines>
            </method>
            <method name="set_Y" signature="(System.Double)" line-rate="1" branch-rate="1" complexity="1">
              <lines>
                <line number="34" hits="363" branch="False" />
              </lines>
            </method>
            <method name="DistanceTo" signature="(Terrarium.Logic.Entities.WorldEntity)" line-rate="1" branch-rate="1" complexity="1">
              <lines>
                <line number="54" hits="34" branch="False" />
                <line number="55" hits="34" branch="False" />
                <line number="56" hits="34" branch="False" />
              </lines>
            </method>
            <method name=".ctor" signature="(System.Double,System.Double)" line-rate="1" branch-rate="1" complexity="1">
              <lines>
                <line number="37" hits="123" branch="False" />
                <line number="39" hits="123" branch="False" />
                <line number="40" hits="123" branch="False" />
                <line number="41" hits="123" branch="False" />
                <line number="42" hits="123" branch="False" />
              </lines>
            </method>
          </methods>
          <lines>
            <line number="17" hits="19" branch="False" />
            <line number="24" hits="526" branch="False" />
            <line number="25" hits="364" branch="False" />
            <line number="33" hits="523" branch="False" />
            <line number="34" hits="363" branch="False" />
            <line number="54" hits="34" branch="False" />
            <line number="55" hits="34" branch="False" />
            <line number="56" hits="34" branch="False" />
            <line number="37" hits="123" branch="False" />
            <line number="39" hits="123" branch="False" />
            <line number="40" hits="123" branch="False" />
            <line number="41" hits="123" branch="False" />
            <line number="42" hits="123" branch="False" />
          </lines>
        </class>
      </classes>
    </package>
  </packages>
</coverage>